<?xml version="1.0" encoding="UTF-8"?>
<!-- Generated by org.testng.reporters.JUnitXMLReporter -->
<testsuite hostname="shimul" ignored="1" name="Car loan" tests="4" failures="0" timestamp="06 Feb 2020 17:40:18 GMT" time="0.016" errors="0">
  <testcase name="MobileloginCarLoan" time="0.0" classname="com.testng.day3"/>
  <testcase name="MobilesignOutcarLoan" time="0.0" classname="com.testng.day3"/>
  <testcase name="MobilesignincarLoan" time="0.0" classname="com.testng.day3"/>
  <testcase name="WebloginCarLoan" time="0.0" classname="com.testng.day3"/>
  <testcase name="APICarLoan" time="0.0" classname="com.testng.day3">
    <ignored/>
  </testcase> <!-- APICarLoan -->
</testsuite> <!-- Car loan -->
