<?xml version="1.0" encoding="UTF-8"?>
<!-- Generated by org.testng.reporters.JUnitXMLReporter -->
<testsuite hostname="shimul" ignored="1" name="Personal loan" tests="5" failures="0" timestamp="06 Feb 2020 17:40:18 GMT" time="0.064" errors="0">
  <testcase name="demo" time="0.016" classname="com.testng.day1"/>
  <testcase name="ploan" time="0.0" classname="com.testng.day2"/>
  <testcase name="LoginAPIHomeLoan" time="0.0" classname="com.testng.day4"/>
  <testcase name="MobileloginHomeLoan" time="0.0" classname="com.testng.day4"/>
  <testcase name="WebloginHomeLoan" time="0.0" classname="com.testng.day4"/>
  <testcase name="SecondTest" time="0.0" classname="com.testng.day1">
    <ignored/>
  </testcase> <!-- SecondTest -->
</testsuite> <!-- Personal loan -->
