<?xml version="1.0" encoding="UTF-8"?>
<!-- Generated by org.testng.reporters.JUnitXMLReporter -->
<testsuite hostname="shimul" ignored="9" name="Regression" tests="3" failures="0" timestamp="12 Feb 2020 23:50:48 GMT" time="0.12" errors="0">
  <testcase name="demo" time="0.026" classname="com.testng.day1"/>
  <testcase name="ploan" time="0.004" classname="com.testng.day2"/>
  <testcase name="MobilesignincarLoan" time="0.004" classname="com.testng.day3"/>
  <testcase name="MobilesignOutcarLoan" time="0.0" classname="com.testng.day3">
    <ignored/>
  </testcase> <!-- MobilesignOutcarLoan -->
  <testcase name="WebloginCarLoan" time="0.0" classname="com.testng.day3">
    <ignored/>
  </testcase> <!-- WebloginCarLoan -->
  <testcase name="WebloginHomeLoan" time="0.0" classname="com.testng.day4">
    <ignored/>
  </testcase> <!-- WebloginHomeLoan -->
  <testcase name="SecondTest" time="0.0" classname="com.testng.day1">
    <ignored/>
  </testcase> <!-- SecondTest -->
  <testcase name="LoginAPIHomeLoan" time="0.0" classname="com.testng.day4">
    <ignored/>
  </testcase> <!-- LoginAPIHomeLoan -->
  <testcase name="annotion" time="0.0" classname="com.testng.day2">
    <ignored/>
  </testcase> <!-- annotion -->
  <testcase name="APICarLoan" time="0.0" classname="com.testng.day3">
    <ignored/>
  </testcase> <!-- APICarLoan -->
  <testcase name="MobileloginHomeLoan" time="0.0" classname="com.testng.day4">
    <ignored/>
  </testcase> <!-- MobileloginHomeLoan -->
  <testcase name="MobileloginCarLoan" time="0.0" classname="com.testng.day3">
    <ignored/>
  </testcase> <!-- MobileloginCarLoan -->
</testsuite> <!-- Regression -->
