<?xml version="1.0" encoding="UTF-8"?>
<testng-results skipped="0" failed="0" ignored="0" total="1" passed="1">
  <reporter-output>
  </reporter-output>
  <suite name="Default suite" duration-ms="15204" started-at="2020-02-13T00:11:00Z" finished-at="2020-02-13T00:11:15Z">
    <groups>
    </groups>
    <test name="Default test" duration-ms="15204" started-at="2020-02-13T00:11:00Z" finished-at="2020-02-13T00:11:15Z">
      <class name="com.testng.LoginDemo">
        <test-method status="PASS" signature="Login()[pri:0, instance:com.testng.LoginDemo@4f933fd1]" name="Login" duration-ms="15156" started-at="2020-02-13T00:11:00Z" finished-at="2020-02-13T00:11:15Z">
          <reporter-output>
          </reporter-output>
        </test-method> <!-- Login -->
      </class> <!-- com.testng.LoginDemo -->
    </test> <!-- Default test -->
  </suite> <!-- Default suite -->
</testng-results>
